<?xml version="1.0" encoding="UTF-8"?>
<!-- Generated by org.testng.reporters.JUnitReportReporter -->
<testsuite hostname="ATMECSINLT-601" failures="0" tests="1" name="com.atmecs.api_testing.tests.CreateRecord" time="7.253" errors="0" timestamp="2020-12-10T16:52:50 IST" skipped="0">
  <testcase classname="com.atmecs.api_testing.tests.CreateRecord" name="createRecord" time="7.253"/>
  <system-out/>
</testsuite> <!-- com.atmecs.api_testing.tests.CreateRecord -->
