<?xml version="1.0" encoding="UTF-8"?>
<!-- Generated by org.testng.reporters.JUnitReportReporter -->
<testsuite hostname="ATMECSINLT-601" failures="0" tests="1" name="com.atmecs.api_testing.tests.GetRecords" time="4.025" errors="0" timestamp="2020-12-10T17:11:10 IST" skipped="0">
  <testcase classname="com.atmecs.api_testing.tests.GetRecords" name="getApiAuth" time="4.025"/>
  <system-out/>
</testsuite> <!-- com.atmecs.api_testing.tests.GetRecords -->
